<?xml version="1.0" encoding="UTF-8"?>
<testsuites name="jest tests" tests="8" failures="0" errors="0" time="1.49">
  <testsuite name="API Route: /api/upload" errors="0" failures="0" skipped="0" timestamp="2024-11-20T03:25:15" time="0.368" tests="3">
    <testcase classname="API Route: /api/upload" name="Should return 301 when file type is epub and filesize is less than 90mb" time="0.018">
    </testcase>
    <testcase classname="API Route: /api/upload" name="Should return a 400 when upload content is missing" time="0.002">
    </testcase>
    <testcase classname="API Route: /api/upload" name="Should return a 400 when file type is not epub" time="0.001">
    </testcase>
  </testsuite>
  <testsuite name="FileUpload Component" errors="0" failures="0" skipped="0" timestamp="2024-11-20T03:25:15" time="0.637" tests="4">
    <testcase classname="FileUpload Component" name="Renders error message on wrong file type" time="0.018">
    </testcase>
    <testcase classname="FileUpload Component" name="Removes the error message after valid ePub is selected" time="0.005">
    </testcase>
    <testcase classname="FileUpload Component" name="Should display an error message if the file size is over 90mb" time="0.003">
    </testcase>
    <testcase classname="FileUpload Component" name="Should render the progress bar during upload" time="0.448">
    </testcase>
  </testsuite>
  <testsuite name="Page" errors="0" failures="0" skipped="0" timestamp="2024-11-20T03:25:16" time="0.183" tests="1">
    <testcase classname="Page" name="renders main" time="0.021">
    </testcase>
  </testsuite>
</testsuites>